0 info it worked if it ends with ok
1 verbose cli [ 'C:\\Program Files (x86)\\nodejs\\node.exe',
1 verbose cli   'C:\\Program Files (x86)\\nodejs\\node_modules\\npm\\bin\\npm-cli.js',
1 verbose cli   'install',
1 verbose cli   'newman',
1 verbose cli   '--save' ]
2 info using npm@3.10.8
3 info using node@v6.9.1
4 silly loadCurrentTree Starting
5 silly install loadCurrentTree
6 silly install readLocalPackageData
7 silly fetchPackageMetaData newman
8 silly fetchNamedPackageData newman
9 silly mapToRegistry name newman
10 silly mapToRegistry using default registry
11 silly mapToRegistry registry http://tools.redbus.com:4873/
12 silly mapToRegistry data Result {
12 silly mapToRegistry   raw: 'newman',
12 silly mapToRegistry   scope: null,
12 silly mapToRegistry   escapedName: 'newman',
12 silly mapToRegistry   name: 'newman',
12 silly mapToRegistry   rawSpec: '',
12 silly mapToRegistry   spec: 'latest',
12 silly mapToRegistry   type: 'tag' }
13 silly mapToRegistry uri http://tools.redbus.com:4873/newman
14 verbose request uri http://tools.redbus.com:4873/newman
15 verbose request no auth needed
16 info attempt registry request try #1 at 11:56:52 AM
17 verbose request using bearer token for auth
18 verbose request id 373a76ad8800a464
19 http request GET http://tools.redbus.com:4873/newman
20 info retry will retry, error on last attempt: Error: connect ETIMEDOUT 52.77.235.141:4873
21 info attempt registry request try #2 at 11:57:23 AM
22 verbose request using bearer token for auth
23 http request GET http://tools.redbus.com:4873/newman
24 info retry will retry, error on last attempt: Error: connect ETIMEDOUT 52.77.235.141:4873
25 info attempt registry request try #3 at 11:58:44 AM
26 verbose request using bearer token for auth
27 http request GET http://tools.redbus.com:4873/newman
28 silly fetchPackageMetaData Error: connect ETIMEDOUT 52.77.235.141:4873
28 silly fetchPackageMetaData     at Object.exports._errnoException (util.js:1026:11)
28 silly fetchPackageMetaData     at exports._exceptionWithHostPort (util.js:1049:20)
28 silly fetchPackageMetaData     at TCPConnectWrap.afterConnect [as oncomplete] (net.js:1085:14)
28 silly fetchPackageMetaData  error for newman { Error: connect ETIMEDOUT 52.77.235.141:4873
28 silly fetchPackageMetaData     at Object.exports._errnoException (util.js:1026:11)
28 silly fetchPackageMetaData     at exports._exceptionWithHostPort (util.js:1049:20)
28 silly fetchPackageMetaData     at TCPConnectWrap.afterConnect [as oncomplete] (net.js:1085:14)
28 silly fetchPackageMetaData   code: 'ETIMEDOUT',
28 silly fetchPackageMetaData   errno: 'ETIMEDOUT',
28 silly fetchPackageMetaData   syscall: 'connect',
28 silly fetchPackageMetaData   address: '52.77.235.141',
28 silly fetchPackageMetaData   port: 4873 }
29 silly rollbackFailedOptional Starting
30 silly rollbackFailedOptional Finishing
31 silly runTopLevelLifecycles Finishing
32 silly install printInstalled
33 verbose stack Error: connect ETIMEDOUT 52.77.235.141:4873
33 verbose stack     at Object.exports._errnoException (util.js:1026:11)
33 verbose stack     at exports._exceptionWithHostPort (util.js:1049:20)
33 verbose stack     at TCPConnectWrap.afterConnect [as oncomplete] (net.js:1085:14)
34 verbose cwd E:\My_projects\postman_project\Newman
35 error Windows_NT 6.2.9200
36 error argv "C:\\Program Files (x86)\\nodejs\\node.exe" "C:\\Program Files (x86)\\nodejs\\node_modules\\npm\\bin\\npm-cli.js" "install" "newman" "--save"
37 error node v6.9.1
38 error npm  v3.10.8
39 error code ETIMEDOUT
40 error errno ETIMEDOUT
41 error syscall connect
42 error network connect ETIMEDOUT 52.77.235.141:4873
43 error network This is most likely not a problem with npm itself
43 error network and is related to network connectivity.
43 error network In most cases you are behind a proxy or have bad network settings.
43 error network
43 error network If you are behind a proxy, please make sure that the
43 error network 'proxy' config is set properly.  See: 'npm help config'
44 verbose exit [ 1, true ]
